npm ERR! code ERESOLVE
npm ERR! ERESOLVE unable to resolve dependency tree
npm ERR! 
npm ERR! While resolving: caitienwebtt@0.1.0
npm ERR! Found: storybook@7.6.17
npm ERR! node_modules/storybook
npm ERR!   dev storybook@"7.6.17" from the root project
npm ERR! 
npm ERR! Could not resolve dependency:
npm ERR! peer storybook@"^9.0.18" from eslint-plugin-storybook@9.0.18
npm ERR! node_modules/eslint-plugin-storybook
npm ERR!   dev eslint-plugin-storybook@"*" from the root project
npm ERR! 
npm ERR! Fix the upstream dependency conflict, or retry
npm ERR! this command with --force or --legacy-peer-deps
npm ERR! to accept an incorrect (and potentially broken) dependency resolution.
npm ERR! 
npm ERR! 
npm ERR! For a full report see:
npm ERR! /Users/nguyenbaloc/.npm/_logs/2025-07-31T08_38_22_138Z-eresolve-report.txt

npm ERR! A complete log of this run can be found in:
npm ERR!     /Users/nguyenbaloc/.npm/_logs/2025-07-31T08_38_22_138Z-debug-0.log
